Using pre-set license
Built from '2020.3/staging' branch; Version is '2020.3.8f1 (507919d4fff5) revision 5273881'; Using compiler version '192528614'; Build Type 'Release'
OS: 'Windows 10 Home; OS build 19043.1237; Version 2009; 64bit' Language: 'en' Physical Memory: 32715 MB
BatchMode: 1, IsHumanControllingUs: 0, StartBugReporterOnCrash: 0, Is64bit: 1, IsPro: 0

 COMMAND LINE ARGUMENTS:
C:\Program Files\Unity\Editor\2020.3.8f1\Editor\Unity.exe
-adb2
-batchMode
-noUpm
-name
AssetImportWorker0
-projectPath
C:/Users/ThefitzyG/Documents/projects/TfgScriptsPackCore/TgfScriptsPackCore
-logFile
Logs/AssetImportWorker0.log
-srvPort
54795
Successfully changed project path to: C:/Users/ThefitzyG/Documents/projects/TfgScriptsPackCore/TgfScriptsPackCore
C:/Users/ThefitzyG/Documents/projects/TfgScriptsPackCore/TgfScriptsPackCore
Using Asset Import Pipeline V2.
Refreshing native plugins compatible for Editor in 41.52 ms, found 0 plugins.
Preloading 0 native plugins for Editor in 0.00 ms.
Initialize engine version: 2020.3.8f1 (507919d4fff5)
[Subsystems] Discovering subsystems at path C:/Program Files/Unity/Editor/2020.3.8f1/Editor/Data/Resources/UnitySubsystems
[Subsystems] Discovering subsystems at path C:/Users/ThefitzyG/Documents/projects/TfgScriptsPackCore/TgfScriptsPackCore/Assets
GfxDevice: creating device client; threaded=0
Direct3D:
    Version:  Direct3D 11.0 [level 11.1]
    Renderer: NVIDIA GeForce RTX 3080 (ID=0x2206)
    Vendor:   
    VRAM:     10077 MB
    Driver:   30.0.14.7168
Shader 'Universal Render Pipeline/Particles/Lit': fallback shader 'Universal Render Pipeline/Particles/SimpleLit' not found
Initialize mono
Mono path[0] = 'C:/Program Files/Unity/Editor/2020.3.8f1/Editor/Data/Managed'
Mono path[1] = 'C:/Program Files/Unity/Editor/2020.3.8f1/Editor/Data/MonoBleedingEdge/lib/mono/unityjit'
Mono config path = 'C:/Program Files/Unity/Editor/2020.3.8f1/Editor/Data/MonoBleedingEdge/etc'
Using monoOptions --debugger-agent=transport=dt_socket,embedding=1,server=y,suspend=n,address=127.0.0.1:56064
Begin MonoManager ReloadAssembly
Registering precompiled unity dll's ...
Register platform support module: C:/Program Files/Unity/Editor/2020.3.8f1/Editor/Data/PlaybackEngines/WebGLSupport/UnityEditor.WebGL.Extensions.dll
Register platform support module: C:/Program Files/Unity/Editor/2020.3.8f1/Editor/Data/PlaybackEngines/WindowsStandaloneSupport/UnityEditor.WindowsStandalone.Extensions.dll
Registered in 0.002167 seconds.
Native extension for WindowsStandalone target not found
Native extension for WebGL target not found
Refreshing native plugins compatible for Editor in 43.70 ms, found 0 plugins.
Preloading 0 native plugins for Editor in 0.00 ms.
Mono: successfully reloaded assembly
- Completed reload, in  0.936 seconds
Platform modules already initialized, skipping
Registering precompiled user dll's ...
Registered in 0.002182 seconds.
Begin MonoManager ReloadAssembly
Native extension for WindowsStandalone target not found
Native extension for WebGL target not found
Refreshing native plugins compatible for Editor in 43.57 ms, found 0 plugins.
Preloading 0 native plugins for Editor in 0.00 ms.
Mono: successfully reloaded assembly
- Completed reload, in  0.843 seconds
Platform modules already initialized, skipping
========================================================================
Worker process is ready to serve import requests
Shader 'Universal Render Pipeline/Particles/Lit': fallback shader 'Universal Render Pipeline/Particles/SimpleLit' not found
Launched and connected shader compiler UnityShaderCompiler.exe after 0.04 seconds
Refreshing native plugins compatible for Editor in 0.52 ms, found 0 plugins.
Preloading 0 native plugins for Editor in 0.00 ms.
Unloading 2754 Unused Serialized files (Serialized files now loaded: 0)
System memory in use before: 128.8 MB.
System memory in use after: 128.5 MB.

Unloading 23 unused Assets to reduce memory usage. Loaded Objects now: 3194.
Total: 2.326500 ms (FindLiveObjects: 0.267400 ms CreateObjectMapping: 0.070700 ms MarkObjects: 1.748800 ms  DeleteObjects: 0.238300 ms)

========================================================================
Received Import Request.
  path: Assets/Scripts/TFG_SP/TFG_SP.asmdef
  artifactKey: Guid(86164115280cdac4da6ef1aa6974538e) Importer(815301076,1909f56bfc062723c751e8b465ee728b)
Start importing Assets/Scripts/TFG_SP/TFG_SP.asmdef using Guid(86164115280cdac4da6ef1aa6974538e) Importer(815301076,1909f56bfc062723c751e8b465ee728b)  -> (artifact id: '2997bb214247ac5d60053e051c66a5d5') in 0.022186 seconds
  Import took 0.026014 seconds .

========================================================================
Received Import Request.
  Time since last request: 3.243098 seconds.
  path: Assets/Scripts/TFG_SP
  artifactKey: Guid(ed1f55d6911e7864b848bd5cfc570c20) Importer(815301076,1909f56bfc062723c751e8b465ee728b)
Start importing Assets/Scripts/TFG_SP using Guid(ed1f55d6911e7864b848bd5cfc570c20) Importer(815301076,1909f56bfc062723c751e8b465ee728b)  -> (artifact id: 'bbf3ffad5d4108d363d1824593be4b38') in 0.003357 seconds
  Import took 0.007095 seconds .

========================================================================
Received Import Request.
  Time since last request: 11.275668 seconds.
  path: Assets/TFG_SP
  artifactKey: Guid(64daf7f3452dc3e48ad3a7ab639982f5) Importer(815301076,1909f56bfc062723c751e8b465ee728b)
Start importing Assets/TFG_SP using Guid(64daf7f3452dc3e48ad3a7ab639982f5) Importer(815301076,1909f56bfc062723c751e8b465ee728b)  -> (artifact id: 'c2feb5a1d24be614971e3f9b1c8f5073') in 0.003719 seconds
  Import took 0.008700 seconds .

========================================================================
Received Prepare
Registering precompiled user dll's ...
Registered in 0.002048 seconds.
Begin MonoManager ReloadAssembly
Native extension for WindowsStandalone target not found
Native extension for WebGL target not found
Refreshing native plugins compatible for Editor in 0.53 ms, found 0 plugins.
Preloading 0 native plugins for Editor in 0.00 ms.
Mono: successfully reloaded assembly
- Completed reload, in  0.758 seconds
Platform modules already initialized, skipping
Shader 'Universal Render Pipeline/Particles/Lit': fallback shader 'Universal Render Pipeline/Particles/SimpleLit' not found
Refreshing native plugins compatible for Editor in 0.52 ms, found 0 plugins.
Preloading 0 native plugins for Editor in 0.00 ms.
Unloading 2641 Unused Serialized files (Serialized files now loaded: 0)
System memory in use before: 121.6 MB.
System memory in use after: 121.4 MB.

Unloading 16 unused Assets to reduce memory usage. Loaded Objects now: 3197.
Total: 2.288300 ms (FindLiveObjects: 0.270500 ms CreateObjectMapping: 0.069200 ms MarkObjects: 1.724200 ms  DeleteObjects: 0.223000 ms)

========================================================================
Received Import Request.
  Time since last request: 8.563450 seconds.
  path: Assets/Scripts/SimpleCameraController.cs
  artifactKey: Guid(be76e5f14cfee674cb30b491fb72b09b) Importer(815301076,1909f56bfc062723c751e8b465ee728b)
Start importing Assets/Scripts/SimpleCameraController.cs using Guid(be76e5f14cfee674cb30b491fb72b09b) Importer(815301076,1909f56bfc062723c751e8b465ee728b)  -> (artifact id: '22f43657664d19fbc476a42e0fad91a9') in 0.011866 seconds
  Import took 0.015873 seconds .

========================================================================
Received Import Request.
  Time since last request: 0.316984 seconds.
  path: Assets/Scripts/Throwaway.cs
  artifactKey: Guid(e4897edacb099c6459714d59c3db30e7) Importer(815301076,1909f56bfc062723c751e8b465ee728b)
Start importing Assets/Scripts/Throwaway.cs using Guid(e4897edacb099c6459714d59c3db30e7) Importer(815301076,1909f56bfc062723c751e8b465ee728b)  -> (artifact id: '89262e1781cd74a75d9d6524149a10ea') in 0.005655 seconds
  Import took 0.010025 seconds .

========================================================================
Received Import Request.
  Time since last request: 0.001309 seconds.
  path: Assets/Scripts/Throwaway.cs
  artifactKey: Guid(e4897edacb099c6459714d59c3db30e7) Importer(815301076,1909f56bfc062723c751e8b465ee728b)
Start importing Assets/Scripts/Throwaway.cs using Guid(e4897edacb099c6459714d59c3db30e7) Importer(815301076,1909f56bfc062723c751e8b465ee728b)  -> (artifact id: '89262e1781cd74a75d9d6524149a10ea') in 0.001731 seconds
  Import took 0.004879 seconds .

========================================================================
Received Import Request.
  Time since last request: 2.943944 seconds.
  path: Assets/Scripts/ButtonsAndLevers
  artifactKey: Guid(fdd7b3d9bff368a4a86a59bf4eeadf19) Importer(815301076,1909f56bfc062723c751e8b465ee728b)
Start importing Assets/Scripts/ButtonsAndLevers using Guid(fdd7b3d9bff368a4a86a59bf4eeadf19) Importer(815301076,1909f56bfc062723c751e8b465ee728b)  -> (artifact id: 'c2b5f11f55a8751ec1d30bf01245ec95') in 0.006292 seconds
  Import took 0.010501 seconds .

========================================================================
Received Import Request.
  Time since last request: 6.493706 seconds.
  path: Assets/Scripts
  artifactKey: Guid(7056320a55ee8cb4eb60943b1ee6951f) Importer(815301076,1909f56bfc062723c751e8b465ee728b)
Start importing Assets/Scripts using Guid(7056320a55ee8cb4eb60943b1ee6951f) Importer(815301076,1909f56bfc062723c751e8b465ee728b)  -> (artifact id: '5f74715b53408f2be3a8e8a4af09a457') in 0.005794 seconds
  Import took 0.009709 seconds .

========================================================================
Received Import Request.
  Time since last request: 2.361018 seconds.
  path: Assets/TFG_SP/Scripts
  artifactKey: Guid(4f357cd514ec60541a7032b99705091c) Importer(815301076,1909f56bfc062723c751e8b465ee728b)
Start importing Assets/TFG_SP/Scripts using Guid(4f357cd514ec60541a7032b99705091c) Importer(815301076,1909f56bfc062723c751e8b465ee728b)  -> (artifact id: 'e1e1b4ca6b48861bb8aef3135bc33b96') in 0.002371 seconds
  Import took 0.006488 seconds .

========================================================================
Received Import Request.
  Time since last request: 0.000476 seconds.
  path: Assets/TFG_SP/Scripts
  artifactKey: Guid(4f357cd514ec60541a7032b99705091c) Importer(815301076,1909f56bfc062723c751e8b465ee728b)
Start importing Assets/TFG_SP/Scripts using Guid(4f357cd514ec60541a7032b99705091c) Importer(815301076,1909f56bfc062723c751e8b465ee728b)  -> (artifact id: 'e1e1b4ca6b48861bb8aef3135bc33b96') in 0.002145 seconds
  Import took 0.005655 seconds .

========================================================================
Received Import Request.
  Time since last request: 2.020966 seconds.
  path: Assets/TFG_SP/Scripts/TfgColor.cs
  artifactKey: Guid(8c59079bd296605479818325a131b543) Importer(815301076,1909f56bfc062723c751e8b465ee728b)
Start importing Assets/TFG_SP/Scripts/TfgColor.cs using Guid(8c59079bd296605479818325a131b543) Importer(815301076,1909f56bfc062723c751e8b465ee728b)  -> (artifact id: '555ff9f47e71d5e393e89e6762501c1d') in 0.005710 seconds
  Import took 0.009773 seconds .

========================================================================
Received Import Request.
  Time since last request: 2.780544 seconds.
  path: Assets/TFG_SP/Scripts/TfgChecks.cs
  artifactKey: Guid(aecb876c7534a1b488e07753d6aff452) Importer(815301076,1909f56bfc062723c751e8b465ee728b)
Start importing Assets/TFG_SP/Scripts/TfgChecks.cs using Guid(aecb876c7534a1b488e07753d6aff452) Importer(815301076,1909f56bfc062723c751e8b465ee728b)  -> (artifact id: '7019b08e3569eb04f77f53664a20daae') in 0.006308 seconds
  Import took 0.010231 seconds .

========================================================================
Received Import Request.
  Time since last request: 1.890136 seconds.
  path: Assets/TFG_SP/Scripts/TfgTransform.cs
  artifactKey: Guid(ca1536ce7cbb5354a981b4f1784b458e) Importer(815301076,1909f56bfc062723c751e8b465ee728b)
Start importing Assets/TFG_SP/Scripts/TfgTransform.cs using Guid(ca1536ce7cbb5354a981b4f1784b458e) Importer(815301076,1909f56bfc062723c751e8b465ee728b)  -> (artifact id: '172193dc506cf9421df39722c1413301') in 0.005996 seconds
  Import took 0.009779 seconds .

========================================================================
Received Import Request.
  Time since last request: 0.001272 seconds.
  path: Assets/TFG_SP/Scripts/TfgTransform.cs
  artifactKey: Guid(ca1536ce7cbb5354a981b4f1784b458e) Importer(815301076,1909f56bfc062723c751e8b465ee728b)
Start importing Assets/TFG_SP/Scripts/TfgTransform.cs using Guid(ca1536ce7cbb5354a981b4f1784b458e) Importer(815301076,1909f56bfc062723c751e8b465ee728b)  -> (artifact id: '172193dc506cf9421df39722c1413301') in 0.001823 seconds
  Import took 0.004599 seconds .

========================================================================
Received Prepare
Registering precompiled user dll's ...
Registered in 0.001921 seconds.
Begin MonoManager ReloadAssembly
Native extension for WindowsStandalone target not found
Native extension for WebGL target not found
Refreshing native plugins compatible for Editor in 0.53 ms, found 0 plugins.
Preloading 0 native plugins for Editor in 0.00 ms.
Mono: successfully reloaded assembly
- Completed reload, in  0.747 seconds
Platform modules already initialized, skipping
Shader 'Universal Render Pipeline/Particles/Lit': fallback shader 'Universal Render Pipeline/Particles/SimpleLit' not found
Refreshing native plugins compatible for Editor in 0.54 ms, found 0 plugins.
Preloading 0 native plugins for Editor in 0.00 ms.
Unloading 2641 Unused Serialized files (Serialized files now loaded: 0)
System memory in use before: 121.6 MB.
System memory in use after: 121.4 MB.

Unloading 16 unused Assets to reduce memory usage. Loaded Objects now: 3200.
Total: 2.385500 ms (FindLiveObjects: 0.323200 ms CreateObjectMapping: 0.069000 ms MarkObjects: 1.743200 ms  DeleteObjects: 0.249400 ms)

AssetImportWorkerClient::OnTransportError - code=2 error=End of file
